Connecting to database specified by database.yml
  [1m[36m (0.0ms)[0m  [1mselect sqlite_version(*)[0m
  [1m[35m (62.5ms)[0m  CREATE TABLE "schema_migrations" ("version" varchar(255) NOT NULL) 
  [1m[36m (140.6ms)[0m  [1mCREATE UNIQUE INDEX "unique_schema_migrations" ON "schema_migrations" ("version")[0m
  [1m[35m (0.0ms)[0m  SELECT "schema_migrations"."version" FROM "schema_migrations" 
Connecting to database specified by database.yml
Connecting to database specified by database.yml
  [1m[36m (0.0ms)[0m  [1mSELECT "schema_migrations"."version" FROM "schema_migrations" [0m
Migrating to CreateEvents (20121206120756)
  [1m[35m (0.0ms)[0m  select sqlite_version(*)
  [1m[36m (0.0ms)[0m  [1mbegin transaction[0m
  [1m[35m (0.0ms)[0m  rollback transaction
Connecting to database specified by database.yml
Connecting to database specified by database.yml
Connecting to database specified by database.yml
  [1m[36m (0.0ms)[0m  [1mSELECT "schema_migrations"."version" FROM "schema_migrations" [0m
Migrating to CreateEvents (20121206121454)
  [1m[35m (0.0ms)[0m  select sqlite_version(*)
  [1m[36m (0.0ms)[0m  [1mbegin transaction[0m
  [1m[35m (0.0ms)[0m  CREATE TABLE "events" ("id" INTEGER PRIMARY KEY AUTOINCREMENT NOT NULL, "dtstart" datetime, "dtend" datetime, "summary" varchar(255), "description" text, "uid" integer, "created_at" datetime NOT NULL, "updated_at" datetime NOT NULL) 
  [1m[36m (0.0ms)[0m  [1mINSERT INTO "schema_migrations" ("version") VALUES ('20121206121454')[0m
  [1m[35m (125.0ms)[0m  commit transaction
  [1m[36m (0.0ms)[0m  [1mSELECT "schema_migrations"."version" FROM "schema_migrations" [0m
Connecting to database specified by database.yml
Connecting to database specified by database.yml
Connecting to database specified by database.yml
  [1m[36m (0.0ms)[0m  [1mSELECT "schema_migrations"."version" FROM "schema_migrations" [0m
Migrating to CreateEvents (20121206122330)
  [1m[35m (0.0ms)[0m  select sqlite_version(*)
  [1m[36m (0.0ms)[0m  [1mbegin transaction[0m
  [1m[35m (0.0ms)[0m  CREATE TABLE "events" ("id" INTEGER PRIMARY KEY AUTOINCREMENT NOT NULL, "dtstart" datetime, "dtend" datetime, "summary" varchar(255), "description" text, "uid" integer, "created_at" datetime NOT NULL, "updated_at" datetime NOT NULL) 
SQLite3::SQLException: table "events" already exists: CREATE TABLE "events" ("id" INTEGER PRIMARY KEY AUTOINCREMENT NOT NULL, "dtstart" datetime, "dtend" datetime, "summary" varchar(255), "description" text, "uid" integer, "created_at" datetime NOT NULL, "updated_at" datetime NOT NULL) 
  [1m[36m (0.0ms)[0m  [1mrollback transaction[0m
Connecting to database specified by database.yml
  [1m[36m (0.0ms)[0m  [1mSELECT "schema_migrations"."version" FROM "schema_migrations" [0m
Migrating to CreateEvents (20121206122330)
  [1m[35m (0.0ms)[0m  select sqlite_version(*)
  [1m[36m (0.0ms)[0m  [1mbegin transaction[0m
  [1m[35m (0.0ms)[0m  CREATE TABLE "events" ("id" INTEGER PRIMARY KEY AUTOINCREMENT NOT NULL, "dtstart" datetime, "dtend" datetime, "summary" varchar(255), "description" text, "uid" integer, "created_at" datetime NOT NULL, "updated_at" datetime NOT NULL) 
SQLite3::SQLException: table "events" already exists: CREATE TABLE "events" ("id" INTEGER PRIMARY KEY AUTOINCREMENT NOT NULL, "dtstart" datetime, "dtend" datetime, "summary" varchar(255), "description" text, "uid" integer, "created_at" datetime NOT NULL, "updated_at" datetime NOT NULL) 
  [1m[36m (0.0ms)[0m  [1mrollback transaction[0m
Connecting to database specified by database.yml
  [1m[36m (0.0ms)[0m  [1mSELECT "schema_migrations"."version" FROM "schema_migrations" [0m
Migrating to CreateEvents (20121206122330)
  [1m[35m (0.0ms)[0m  select sqlite_version(*)
  [1m[36m (0.0ms)[0m  [1mbegin transaction[0m
  [1m[35m (0.0ms)[0m  CREATE TABLE "events" ("id" INTEGER PRIMARY KEY AUTOINCREMENT NOT NULL, "dtstart" datetime, "dtend" datetime, "summary" varchar(255), "description" text, "uid" integer, "created_at" datetime NOT NULL, "updated_at" datetime NOT NULL) 
SQLite3::SQLException: table "events" already exists: CREATE TABLE "events" ("id" INTEGER PRIMARY KEY AUTOINCREMENT NOT NULL, "dtstart" datetime, "dtend" datetime, "summary" varchar(255), "description" text, "uid" integer, "created_at" datetime NOT NULL, "updated_at" datetime NOT NULL) 
  [1m[36m (0.0ms)[0m  [1mrollback transaction[0m
Connecting to database specified by database.yml
  [1m[36m (0.0ms)[0m  [1mSELECT "schema_migrations"."version" FROM "schema_migrations" [0m
Migrating to CreateEvents (20121206122330)
  [1m[35m (0.0ms)[0m  select sqlite_version(*)
  [1m[36m (0.0ms)[0m  [1mbegin transaction[0m
  [1m[35m (0.0ms)[0m  CREATE TABLE "events" ("id" INTEGER PRIMARY KEY AUTOINCREMENT NOT NULL, "dtstart" datetime, "dtend" datetime, "summary" varchar(255), "description" text, "uid" integer, "created_at" datetime NOT NULL, "updated_at" datetime NOT NULL) 
SQLite3::SQLException: table "events" already exists: CREATE TABLE "events" ("id" INTEGER PRIMARY KEY AUTOINCREMENT NOT NULL, "dtstart" datetime, "dtend" datetime, "summary" varchar(255), "description" text, "uid" integer, "created_at" datetime NOT NULL, "updated_at" datetime NOT NULL) 
  [1m[36m (0.0ms)[0m  [1mrollback transaction[0m
Connecting to database specified by database.yml
  [1m[36m (0.0ms)[0m  [1mSELECT "schema_migrations"."version" FROM "schema_migrations" [0m
Migrating to CreateEvents (20121206122330)
  [1m[35m (0.0ms)[0m  select sqlite_version(*)
  [1m[36m (0.0ms)[0m  [1mbegin transaction[0m
  [1m[35m (0.0ms)[0m  INSERT INTO "schema_migrations" ("version") VALUES ('20121206122330')
  [1m[36m (156.2ms)[0m  [1mcommit transaction[0m
  [1m[35m (0.0ms)[0m  SELECT "schema_migrations"."version" FROM "schema_migrations" 
Connecting to database specified by database.yml
  [1m[36m (0.0ms)[0m  [1mSELECT "schema_migrations"."version" FROM "schema_migrations" [0m
Migrating to CreateEvents (20121206122330)
  [1m[35m (0.0ms)[0m  select sqlite_version(*)
  [1m[36m (0.0ms)[0m  [1mSELECT "schema_migrations"."version" FROM "schema_migrations" [0m
Connecting to database specified by database.yml
  [1m[36m (0.0ms)[0m  [1mSELECT "schema_migrations"."version" FROM "schema_migrations" [0m
Migrating to CreateEvents (20121206122330)
  [1m[35m (0.0ms)[0m  select sqlite_version(*)
  [1m[36m (0.0ms)[0m  [1mSELECT "schema_migrations"."version" FROM "schema_migrations" [0m
Connecting to database specified by database.yml
  [1m[36m (0.0ms)[0m  [1mSELECT "schema_migrations"."version" FROM "schema_migrations" [0m
Migrating to CreateEvents (20121206122330)
  [1m[35m (0.0ms)[0m  select sqlite_version(*)
  [1m[36m (0.0ms)[0m  [1mSELECT "schema_migrations"."version" FROM "schema_migrations" [0m
Connecting to database specified by database.yml
Connecting to database specified by database.yml
Connecting to database specified by database.yml
  [1m[36m (0.0ms)[0m  [1mSELECT "schema_migrations"."version" FROM "schema_migrations" [0m
Migrating to CreateEvents (20121206123547)
  [1m[35m (0.0ms)[0m  select sqlite_version(*)
  [1m[36m (0.0ms)[0m  [1mbegin transaction[0m
  [1m[35m (0.0ms)[0m  CREATE TABLE "events" ("id" INTEGER PRIMARY KEY AUTOINCREMENT NOT NULL, "dtstart" datetime, "dtend" datetime, "summary" varchar(255), "description" text, "uid" integer, "created_at" datetime NOT NULL, "updated_at" datetime NOT NULL) 
SQLite3::SQLException: table "events" already exists: CREATE TABLE "events" ("id" INTEGER PRIMARY KEY AUTOINCREMENT NOT NULL, "dtstart" datetime, "dtend" datetime, "summary" varchar(255), "description" text, "uid" integer, "created_at" datetime NOT NULL, "updated_at" datetime NOT NULL) 
  [1m[36m (0.0ms)[0m  [1mrollback transaction[0m


Started GET "/assets/rails.png" for 127.0.0.1 at 2012-12-06 13:37:25 +0100
Connecting to database specified by database.yml
Served asset /rails.png - 200 OK (218ms)


Started GET "/events" for 127.0.0.1 at 2012-12-06 13:37:32 +0100
Processing by EventsController#index as HTML
  [1m[36mEvent Load (0.0ms)[0m  [1mSELECT "events".* FROM "events" [0m
  Rendered events/index.html.erb within layouts/application (46.9ms)
Compiled events.css  (78ms)  (pid 2276)
Compiled scaffolds.css  (46ms)  (pid 2276)
Compiled application.css  (656ms)  (pid 2276)
Compiled jquery.js  (0ms)  (pid 2276)
Compiled jquery_ujs.js  (0ms)  (pid 2276)
Compiled events.js  (1421ms)  (pid 2276)
Compiled application.js  (2078ms)  (pid 2276)
Completed 200 OK in 4500ms (Views: 4187.5ms | ActiveRecord: 31.2ms)


Started GET "/assets/application.css?body=1" for 127.0.0.1 at 2012-12-06 13:37:37 +0100
Served asset /application.css - 200 OK (15ms)


Started GET "/assets/events.css?body=1" for 127.0.0.1 at 2012-12-06 13:37:37 +0100
Served asset /events.css - 200 OK (0ms)


Started GET "/assets/jquery.js?body=1" for 127.0.0.1 at 2012-12-06 13:37:37 +0100
Served asset /jquery.js - 200 OK (0ms)


Started GET "/assets/events.js?body=1" for 127.0.0.1 at 2012-12-06 13:37:37 +0100
Served asset /events.js - 200 OK (15ms)


Started GET "/assets/scaffolds.css?body=1" for 127.0.0.1 at 2012-12-06 13:37:37 +0100
Served asset /scaffolds.css - 200 OK (0ms)


Started GET "/assets/jquery_ujs.js?body=1" for 127.0.0.1 at 2012-12-06 13:37:37 +0100
Served asset /jquery_ujs.js - 200 OK (0ms)


Started GET "/assets/application.js?body=1" for 127.0.0.1 at 2012-12-06 13:37:37 +0100
Served asset /application.js - 200 OK (78ms)


Started GET "/events/new" for 127.0.0.1 at 2012-12-06 13:37:40 +0100
Processing by EventsController#new as HTML
  Rendered events/_form.html.erb (125.0ms)
  Rendered events/new.html.erb within layouts/application (171.9ms)
Completed 200 OK in 188ms (Views: 171.9ms | ActiveRecord: 0.0ms)


Started GET "/assets/scaffolds.css?body=1" for 127.0.0.1 at 2012-12-06 13:37:41 +0100
Served asset /scaffolds.css - 304 Not Modified (0ms)


Started GET "/assets/events.js?body=1" for 127.0.0.1 at 2012-12-06 13:37:41 +0100
Served asset /events.js - 304 Not Modified (0ms)


Started GET "/assets/jquery.js?body=1" for 127.0.0.1 at 2012-12-06 13:37:41 +0100
Served asset /jquery.js - 304 Not Modified (0ms)


Started GET "/assets/events.css?body=1" for 127.0.0.1 at 2012-12-06 13:37:41 +0100
Served asset /events.css - 304 Not Modified (0ms)


Started GET "/assets/application.css?body=1" for 127.0.0.1 at 2012-12-06 13:37:41 +0100
Served asset /application.css - 304 Not Modified (0ms)


Started GET "/assets/jquery_ujs.js?body=1" for 127.0.0.1 at 2012-12-06 13:37:41 +0100
Served asset /jquery_ujs.js - 304 Not Modified (0ms)


Started GET "/assets/application.js?body=1" for 127.0.0.1 at 2012-12-06 13:37:41 +0100
Served asset /application.js - 304 Not Modified (0ms)


Started POST "/events" for 127.0.0.1 at 2012-12-06 13:38:25 +0100
Processing by EventsController#create as HTML
  Parameters: {"utf8"=>"✓", "authenticity_token"=>"54WDAPlwaDfyfS30ATHqpBRhgSCmOb/qHrIju7EN0dk=", "event"=>{"dtstart(1i)"=>"2012", "dtstart(2i)"=>"12", "dtstart(3i)"=>"6", "dtstart(4i)"=>"12", "dtstart(5i)"=>"37", "dtend(1i)"=>"2012", "dtend(2i)"=>"12", "dtend(3i)"=>"13", "dtend(4i)"=>"12", "dtend(5i)"=>"37", "summary"=>"Wegfahren", "description"=>"blabla", "uid"=>"1"}, "commit"=>"Create Event"}
  [1m[35m (0.0ms)[0m  begin transaction
  [1m[36mSQL (46.9ms)[0m  [1mINSERT INTO "events" ("created_at", "description", "dtend", "dtstart", "summary", "uid", "updated_at") VALUES (?, ?, ?, ?, ?, ?, ?)[0m  [["created_at", Thu, 06 Dec 2012 12:38:25 UTC +00:00], ["description", "blabla"], ["dtend", Thu, 13 Dec 2012 12:37:00 UTC +00:00], ["dtstart", Thu, 06 Dec 2012 12:37:00 UTC +00:00], ["summary", "Wegfahren"], ["uid", 1], ["updated_at", Thu, 06 Dec 2012 12:38:25 UTC +00:00]]
  [1m[35m (125.0ms)[0m  commit transaction
Redirected to http://localhost:3000/events/1
Completed 302 Found in 219ms (ActiveRecord: 171.9ms)


Started GET "/events/1" for 127.0.0.1 at 2012-12-06 13:38:25 +0100
Processing by EventsController#show as HTML
  Parameters: {"id"=>"1"}
  [1m[36mEvent Load (0.0ms)[0m  [1mSELECT "events".* FROM "events" WHERE "events"."id" = ? LIMIT 1[0m  [["id", "1"]]
  Rendered events/show.html.erb within layouts/application (15.6ms)
Completed 200 OK in 16ms (Views: 15.6ms | ActiveRecord: 0.0ms)


Started GET "/assets/events.css?body=1" for 127.0.0.1 at 2012-12-06 13:38:25 +0100
Served asset /events.css - 304 Not Modified (0ms)


Started GET "/assets/jquery.js?body=1" for 127.0.0.1 at 2012-12-06 13:38:25 +0100
Served asset /jquery.js - 304 Not Modified (0ms)


Started GET "/assets/events.js?body=1" for 127.0.0.1 at 2012-12-06 13:38:25 +0100
Served asset /events.js - 304 Not Modified (0ms)


Started GET "/assets/application.css?body=1" for 127.0.0.1 at 2012-12-06 13:38:25 +0100
Served asset /application.css - 304 Not Modified (0ms)


Started GET "/assets/jquery_ujs.js?body=1" for 127.0.0.1 at 2012-12-06 13:38:25 +0100
Served asset /jquery_ujs.js - 304 Not Modified (0ms)


Started GET "/assets/scaffolds.css?body=1" for 127.0.0.1 at 2012-12-06 13:38:25 +0100
Served asset /scaffolds.css - 304 Not Modified (0ms)


Started GET "/assets/application.js?body=1" for 127.0.0.1 at 2012-12-06 13:38:25 +0100
Served asset /application.js - 304 Not Modified (0ms)


Started GET "/events" for 127.0.0.1 at 2012-12-06 13:38:35 +0100
Processing by EventsController#index as HTML
  [1m[35mEvent Load (0.0ms)[0m  SELECT "events".* FROM "events" 
  Rendered events/index.html.erb within layouts/application (0.0ms)
Completed 200 OK in 16ms (Views: 15.6ms | ActiveRecord: 0.0ms)


Started GET "/assets/application.css?body=1" for 127.0.0.1 at 2012-12-06 13:38:36 +0100
Served asset /application.css - 304 Not Modified (0ms)


Started GET "/assets/jquery_ujs.js?body=1" for 127.0.0.1 at 2012-12-06 13:38:36 +0100
Served asset /jquery_ujs.js - 304 Not Modified (0ms)


Started GET "/assets/events.css?body=1" for 127.0.0.1 at 2012-12-06 13:38:36 +0100
Served asset /events.css - 304 Not Modified (0ms)


Started GET "/assets/scaffolds.css?body=1" for 127.0.0.1 at 2012-12-06 13:38:36 +0100
Served asset /scaffolds.css - 304 Not Modified (0ms)


Started GET "/assets/jquery.js?body=1" for 127.0.0.1 at 2012-12-06 13:38:36 +0100
Served asset /jquery.js - 304 Not Modified (0ms)


Started GET "/assets/events.js?body=1" for 127.0.0.1 at 2012-12-06 13:38:36 +0100
Served asset /events.js - 304 Not Modified (0ms)


Started GET "/assets/application.js?body=1" for 127.0.0.1 at 2012-12-06 13:38:36 +0100
Served asset /application.js - 304 Not Modified (0ms)


Started GET "/events" for 127.0.0.1 at 2012-12-06 14:19:18 +0100
Processing by EventsController#index as HTML
  [1m[36mEvent Load (0.0ms)[0m  [1mSELECT "events".* FROM "events" [0m
  Rendered events/index.html.erb within layouts/application (0.0ms)
Completed 200 OK in 47ms (Views: 46.9ms | ActiveRecord: 0.0ms)


Started GET "/assets/events.css?body=1" for 127.0.0.1 at 2012-12-06 14:19:19 +0100
Served asset /events.css - 304 Not Modified (0ms)


Started GET "/assets/application.css?body=1" for 127.0.0.1 at 2012-12-06 14:19:19 +0100
Served asset /application.css - 304 Not Modified (0ms)


Started GET "/assets/jquery.js?body=1" for 127.0.0.1 at 2012-12-06 14:19:19 +0100
Served asset /jquery.js - 304 Not Modified (0ms)


Started GET "/assets/scaffolds.css?body=1" for 127.0.0.1 at 2012-12-06 14:19:19 +0100
Served asset /scaffolds.css - 304 Not Modified (0ms)


Started GET "/assets/jquery_ujs.js?body=1" for 127.0.0.1 at 2012-12-06 14:19:19 +0100
Served asset /jquery_ujs.js - 304 Not Modified (0ms)


Started GET "/assets/events.js?body=1" for 127.0.0.1 at 2012-12-06 14:19:19 +0100
Served asset /events.js - 304 Not Modified (0ms)


Started GET "/assets/application.js?body=1" for 127.0.0.1 at 2012-12-06 14:19:19 +0100
Served asset /application.js - 304 Not Modified (0ms)


Started GET "/events/1" for 127.0.0.1 at 2012-12-06 14:19:21 +0100
Processing by EventsController#show as HTML
  Parameters: {"id"=>"1"}
  [1m[35mEvent Load (15.6ms)[0m  SELECT "events".* FROM "events" WHERE "events"."id" = ? LIMIT 1  [["id", "1"]]
  Rendered events/show.html.erb within layouts/application (0.0ms)
Completed 200 OK in 16ms (Views: 0.0ms | ActiveRecord: 15.6ms)


Started GET "/assets/application.css?body=1" for 127.0.0.1 at 2012-12-06 14:19:21 +0100
Served asset /application.css - 304 Not Modified (0ms)


Started GET "/assets/scaffolds.css?body=1" for 127.0.0.1 at 2012-12-06 14:19:22 +0100
Served asset /scaffolds.css - 304 Not Modified (0ms)


Started GET "/assets/events.css?body=1" for 127.0.0.1 at 2012-12-06 14:19:22 +0100
Served asset /events.css - 304 Not Modified (0ms)


Started GET "/assets/jquery.js?body=1" for 127.0.0.1 at 2012-12-06 14:19:22 +0100
Served asset /jquery.js - 304 Not Modified (0ms)


Started GET "/assets/jquery_ujs.js?body=1" for 127.0.0.1 at 2012-12-06 14:19:22 +0100
Served asset /jquery_ujs.js - 304 Not Modified (0ms)


Started GET "/assets/events.js?body=1" for 127.0.0.1 at 2012-12-06 14:19:22 +0100
Served asset /events.js - 304 Not Modified (0ms)


Started GET "/assets/application.js?body=1" for 127.0.0.1 at 2012-12-06 14:19:22 +0100
Served asset /application.js - 304 Not Modified (0ms)


Started GET "/events/1/edit" for 127.0.0.1 at 2012-12-06 14:19:27 +0100
Processing by EventsController#edit as HTML
  Parameters: {"id"=>"1"}
  [1m[36mEvent Load (0.0ms)[0m  [1mSELECT "events".* FROM "events" WHERE "events"."id" = ? LIMIT 1[0m  [["id", "1"]]
  Rendered events/_form.html.erb (15.6ms)
  Rendered events/edit.html.erb within layouts/application (62.5ms)
Completed 200 OK in 94ms (Views: 93.8ms | ActiveRecord: 0.0ms)


Started GET "/assets/scaffolds.css?body=1" for 127.0.0.1 at 2012-12-06 14:19:27 +0100
Served asset /scaffolds.css - 304 Not Modified (0ms)


Started GET "/assets/jquery_ujs.js?body=1" for 127.0.0.1 at 2012-12-06 14:19:27 +0100
Served asset /jquery_ujs.js - 304 Not Modified (0ms)


Started GET "/assets/application.css?body=1" for 127.0.0.1 at 2012-12-06 14:19:27 +0100
Served asset /application.css - 304 Not Modified (0ms)


Started GET "/assets/events.js?body=1" for 127.0.0.1 at 2012-12-06 14:19:27 +0100
Served asset /events.js - 304 Not Modified (0ms)


Started GET "/assets/jquery.js?body=1" for 127.0.0.1 at 2012-12-06 14:19:27 +0100
Served asset /jquery.js - 304 Not Modified (0ms)


Started GET "/assets/events.css?body=1" for 127.0.0.1 at 2012-12-06 14:19:27 +0100
Served asset /events.css - 304 Not Modified (0ms)


Started GET "/assets/application.js?body=1" for 127.0.0.1 at 2012-12-06 14:19:28 +0100
Served asset /application.js - 304 Not Modified (0ms)


Started GET "/events" for 127.0.0.1 at 2012-12-06 14:19:30 +0100
Processing by EventsController#index as HTML
  [1m[35mEvent Load (0.0ms)[0m  SELECT "events".* FROM "events" 
  Rendered events/index.html.erb within layouts/application (0.0ms)
Completed 200 OK in 0ms (Views: 0.0ms | ActiveRecord: 0.0ms)


Started GET "/assets/application.css?body=1" for 127.0.0.1 at 2012-12-06 14:19:30 +0100
Served asset /application.css - 304 Not Modified (0ms)


Started GET "/assets/scaffolds.css?body=1" for 127.0.0.1 at 2012-12-06 14:19:30 +0100
Served asset /scaffolds.css - 304 Not Modified (0ms)


Started GET "/assets/jquery_ujs.js?body=1" for 127.0.0.1 at 2012-12-06 14:19:30 +0100
Served asset /jquery_ujs.js - 304 Not Modified (0ms)


Started GET "/assets/jquery.js?body=1" for 127.0.0.1 at 2012-12-06 14:19:30 +0100
Served asset /jquery.js - 304 Not Modified (0ms)


Started GET "/assets/events.js?body=1" for 127.0.0.1 at 2012-12-06 14:19:30 +0100
Served asset /events.js - 304 Not Modified (0ms)


Started GET "/assets/events.css?body=1" for 127.0.0.1 at 2012-12-06 14:19:30 +0100
Served asset /events.css - 304 Not Modified (0ms)


Started GET "/assets/application.js?body=1" for 127.0.0.1 at 2012-12-06 14:19:31 +0100
Served asset /application.js - 304 Not Modified (0ms)
Connecting to database specified by database.yml
Connecting to database specified by database.yml
Connecting to database specified by database.yml
  [1m[36m (0.0ms)[0m  [1mSELECT "schema_migrations"."version" FROM "schema_migrations" [0m
Migrating to CreateEvents (20121206123547)
  [1m[35m (0.0ms)[0m  select sqlite_version(*)
  [1m[36m (0.0ms)[0m  [1mbegin transaction[0m
  [1m[35m (0.0ms)[0m  CREATE TABLE "events" ("id" INTEGER PRIMARY KEY AUTOINCREMENT NOT NULL, "dtstart" datetime, "dtend" datetime, "summary" varchar(255), "description" text, "uid" integer, "created_at" datetime NOT NULL, "updated_at" datetime NOT NULL) 
SQLite3::SQLException: table "events" already exists: CREATE TABLE "events" ("id" INTEGER PRIMARY KEY AUTOINCREMENT NOT NULL, "dtstart" datetime, "dtend" datetime, "summary" varchar(255), "description" text, "uid" integer, "created_at" datetime NOT NULL, "updated_at" datetime NOT NULL) 
  [1m[36m (0.0ms)[0m  [1mrollback transaction[0m
Connecting to database specified by database.yml
Connecting to database specified by database.yml
  [1m[36m (0.0ms)[0m  [1mSELECT "schema_migrations"."version" FROM "schema_migrations" [0m
Migrating to CreateEvents (20121206123547)
  [1m[35m (0.0ms)[0m  select sqlite_version(*)
  [1m[36m (0.0ms)[0m  [1mbegin transaction[0m
  [1m[35m (0.0ms)[0m  CREATE TABLE "events" ("id" INTEGER PRIMARY KEY AUTOINCREMENT NOT NULL, "dtstart" datetime, "dtend" datetime, "summary" varchar(255), "description" text, "uid" integer, "created_at" datetime NOT NULL, "updated_at" datetime NOT NULL) 
SQLite3::SQLException: table "events" already exists: CREATE TABLE "events" ("id" INTEGER PRIMARY KEY AUTOINCREMENT NOT NULL, "dtstart" datetime, "dtend" datetime, "summary" varchar(255), "description" text, "uid" integer, "created_at" datetime NOT NULL, "updated_at" datetime NOT NULL) 
  [1m[36m (0.0ms)[0m  [1mrollback transaction[0m
Connecting to database specified by database.yml
Connecting to database specified by database.yml
  [1m[36m (0.0ms)[0m  [1mSELECT "schema_migrations"."version" FROM "schema_migrations" [0m
Migrating to CreateEvents (20121206123547)
  [1m[35m (0.0ms)[0m  select sqlite_version(*)
  [1m[36m (0.0ms)[0m  [1mbegin transaction[0m
  [1m[35m (0.0ms)[0m  CREATE TABLE "events" ("id" INTEGER PRIMARY KEY AUTOINCREMENT NOT NULL, "dtstart" datetime, "dtend" datetime, "summary" varchar(255), "description" text, "uid" integer, "created_at" datetime NOT NULL, "updated_at" datetime NOT NULL) 
SQLite3::SQLException: table "events" already exists: CREATE TABLE "events" ("id" INTEGER PRIMARY KEY AUTOINCREMENT NOT NULL, "dtstart" datetime, "dtend" datetime, "summary" varchar(255), "description" text, "uid" integer, "created_at" datetime NOT NULL, "updated_at" datetime NOT NULL) 
  [1m[36m (0.0ms)[0m  [1mrollback transaction[0m
Connecting to database specified by database.yml
  [1m[36m (0.0ms)[0m  [1mSELECT "schema_migrations"."version" FROM "schema_migrations" [0m
Migrating to CreateUsers (20121206133904)
  [1m[35m (0.0ms)[0m  select sqlite_version(*)
  [1m[36m (0.0ms)[0m  [1mbegin transaction[0m
  [1m[35m (62.5ms)[0m  CREATE TABLE "users" ("id" INTEGER PRIMARY KEY AUTOINCREMENT NOT NULL, "name" varchar(255), "pw" varchar(255), "email" varchar(255), "uid" integer, "created_at" datetime NOT NULL, "updated_at" datetime NOT NULL) 
  [1m[36m (0.0ms)[0m  [1mINSERT INTO "schema_migrations" ("version") VALUES ('20121206133904')[0m
  [1m[35m (140.6ms)[0m  commit transaction
  [1m[36m (0.0ms)[0m  [1mSELECT "schema_migrations"."version" FROM "schema_migrations" [0m
